2025-09-02T03:19:20.993Z - info: [ui] [AppStore] loading 0 repositories from store
2025-09-02T03:19:21.016Z - info: [ui] [Welcome] no sign in step found. ignoring...
2025-09-02T03:19:21.035Z - info: [ui] launching: 3.4.13-linux1 (Linux 6.16.4-arch1-1)
2025-09-02T03:19:21.036Z - info: [ui] execPath: '/opt/github-desktop/github-desktop'
2025-09-02T03:19:21.036Z - info: [ui] [Welcome] no sign in step found. ignoring...
2025-09-02T03:19:21.079Z - info: [ui] [Welcome] no sign in step found. ignoring...
2025-09-02T03:19:21.081Z - info: [ui] [Welcome] no sign in step found. ignoring...
2025-09-02T03:19:21.096Z - info: [ui] [Welcome] no sign in step found. ignoring...
2025-09-02T03:19:21.287Z - info: [ui] Opt in reported.
2025-09-02T03:19:23.057Z - info: [ui] [Welcome] advancing to step: SignInToDotComWithBrowser
2025-09-02T03:19:23.057Z - info: [ui] [SignInStore] initializing OAuth flow
2025-09-02T03:19:23.060Z - info: [main] opening in browser: https://github.com/login/oauth/authorize?client_id=3a723b10ac5575cc5bb9&scope=repo%20user%20workflow&state=b831c32b-e66c-4152-abf9-0d7c8c1a512d
2025-09-02T03:19:23.061Z - info: [ui] [Welcome] current sign in state not found. ignoring...
2025-09-02T03:19:23.228Z - info: [ui] [Welcome] kind Authentication is the same as Authentication. ignoring...
2025-09-02T03:19:27.433Z - info: [main] Received possible protocol arguments: 3
2025-09-02T03:19:27.433Z - info: [main] Processing protocol url
2025-09-02T03:19:27.445Z - info: [ui] [Welcome] kind Authentication is the same as Authentication. ignoring...
2025-09-02T03:19:27.517Z - info: [main] Received possible protocol arguments: 2
2025-09-02T03:19:27.521Z - info: [main] Processing protocol url
2025-09-02T03:19:28.275Z - info: [ui] [SignInStore] account resolved
2025-09-02T03:19:28.275Z - info: [ui] [AppStore] adding account ramackersjp (J.P. Ramackers) to store
2025-09-02T03:19:28.278Z - info: [ui] [Welcome] advancing to step: ConfigureGit
2025-09-02T03:19:28.312Z - info: [ui] [Welcome] no sign in step found. ignoring...
2025-09-02T03:19:28.737Z - info: [ui] Subscribed 'ramackersjp' to Alive channel
2025-09-02T03:19:29.344Z - info: [ui] [Welcome] no sign in step found. ignoring...
2025-09-02T03:19:42.467Z - info: [main] Received possible protocol arguments: 3
2025-09-02T03:19:42.467Z - info: [main] Processing protocol url
2025-09-02T03:19:42.550Z - info: [main] Received possible protocol arguments: 2
2025-09-02T03:19:42.553Z - info: [main] Processing protocol url
2025-09-02T03:24:51.996Z - info: [ui] [AppStore] loading 0 repositories from store
2025-09-02T03:24:52.001Z - info: [ui] [AppStore] found account: ramackersjp (J.P. Ramackers)
2025-09-02T03:24:52.040Z - info: [ui] launching: 3.4.13-linux1 (Linux 6.16.4-arch1-1)
2025-09-02T03:24:52.041Z - info: [ui] execPath: '/opt/github-desktop/github-desktop'
2025-09-02T03:24:52.372Z - info: [ui] Stats reported.
2025-09-02T03:24:52.435Z - info: [ui] Subscribed 'ramackersjp' to Alive channel
2025-09-02T03:25:44.445Z - info: [ui] credential-helper: found GitHub credential for https://github.com/ in store
2025-09-02T03:25:45.352Z - info: [ui] Executing clone: git -c init.defaultBranch=main clone --recursive --progress -- https://github.com/ramackersjp/Python.git /home/jp/Projects/Python (took 1.146s)
2025-09-02T03:25:45.358Z - info: [ui] [AppStore] adding repository at /home/jp/Projects/Python to store
2025-09-02T03:25:45.788Z - info: [ui] [BranchPruner] No branches to prune.
2025-09-02T03:33:53.177Z - info: [ui] [AppStore] loading 1 repositories from store
2025-09-02T03:33:53.181Z - info: [ui] [AppStore] found account: ramackersjp (J.P. Ramackers)
2025-09-02T03:33:53.210Z - info: [ui] [BranchPruner] Last prune took place 8 minutes ago - skipping
2025-09-02T03:33:53.432Z - info: [ui] launching: 3.4.13-linux1 (Linux 6.16.4-arch1-1)
2025-09-02T03:33:53.432Z - info: [ui] execPath: '/opt/github-desktop/github-desktop'
2025-09-02T03:33:53.621Z - info: [ui] Subscribed 'ramackersjp' to Alive channel
2025-09-02T15:23:36.338Z - info: [ui] [AppStore] loading 1 repositories from store
2025-09-02T15:23:36.343Z - info: [ui] [AppStore] found account: ramackersjp (J.P. Ramackers)
2025-09-02T15:23:36.365Z - info: [ui] [BranchPruner] Last prune took place 12 hours ago - skipping
2025-09-02T15:23:36.468Z - info: [ui] launching: 3.4.13-linux1 (Linux 6.16.4-arch1-1)
2025-09-02T15:23:36.469Z - info: [ui] execPath: '/opt/github-desktop/github-desktop'
2025-09-02T15:23:36.894Z - info: [ui] Subscribed 'ramackersjp' to Alive channel
2025-09-02T15:23:47.463Z - info: [ui] credential-helper: found GitHub credential for https://github.com/ in store
2025-09-02T15:23:48.032Z - info: [ui] credential-helper: found GitHub credential for https://github.com/ in store
2025-09-02T15:24:06.762Z - info: [ui] credential-helper: found GitHub credential for https://github.com/ in store
2025-09-02T15:24:07.654Z - info: [ui] Executing clone: git -c init.defaultBranch=main clone --recursive --progress -- https://github.com/ramackersjp/anki-servisch-nl.git /home/jp/Projects/anki-servisch-nl (took 1.093s)
2025-09-02T15:24:07.662Z - info: [ui] [AppStore] adding repository at /home/jp/Projects/anki-servisch-nl to store
2025-09-02T15:24:07.757Z - info: [ui] [BranchPruner] Last prune took place 12 hours ago - skipping
2025-09-02T15:24:08.020Z - info: [ui] [BranchPruner] No branches to prune.
2025-09-02T15:24:09.967Z - info: [ui] credential-helper: found GitHub credential for https://github.com/ in store
2025-09-02T15:24:10.607Z - info: [ui] credential-helper: found GitHub credential for https://github.com/ in store
2025-09-02T15:24:20.238Z - info: [main] opening in browser: https://github.com/ramackersjp/anki-servisch-nl
2025-09-02T15:53:34.168Z - info: [ui] [RepositoryIndicatorUpdater]: Refreshing sidebar indicators for 2 repositories took 0.7s of which 0.0s paused, total 0.7s
2025-09-02T16:01:35.249Z - info: [ui] [AppStore] loading 2 repositories from store
2025-09-02T16:01:35.252Z - info: [ui] [AppStore] found account: ramackersjp (J.P. Ramackers)
2025-09-02T16:01:35.281Z - info: [ui] [BranchPruner] Last prune took place 37 minutes ago - skipping
2025-09-02T16:01:35.519Z - info: [ui] launching: 3.4.13-linux1 (Linux 6.16.4-arch1-1)
2025-09-02T16:01:35.520Z - info: [ui] execPath: '/opt/github-desktop/github-desktop'
2025-09-02T16:01:35.679Z - info: [ui] Subscribed 'ramackersjp' to Alive channel
2025-09-02T16:30:10.134Z - info: [ui] [AppStore] loading 2 repositories from store
2025-09-02T16:30:10.136Z - info: [ui] [AppStore] found account: ramackersjp (J.P. Ramackers)
2025-09-02T16:30:10.166Z - info: [ui] [BranchPruner] Last prune took place 1 hour ago - skipping
2025-09-02T16:30:10.401Z - info: [ui] launching: 3.4.13-linux1 (Linux 6.16.4-arch1-1)
2025-09-02T16:30:10.401Z - info: [ui] execPath: '/opt/github-desktop/github-desktop'
2025-09-02T16:30:10.603Z - info: [ui] Subscribed 'ramackersjp' to Alive channel
2025-09-02T16:30:21.191Z - info: [ui] credential-helper: found GitHub credential for https://github.com/ in store
2025-09-02T16:30:21.808Z - info: [ui] credential-helper: found GitHub credential for https://github.com/ in store
2025-09-02T16:32:13.742Z - info: [ui] [RepositoryIndicatorUpdater]: Refreshing sidebar indicators for 1 repositories took 0.3s of which 0.0s paused, total 0.3s
2025-09-02T18:21:19.479Z - info: [ui] [AppStore] loading 2 repositories from store
2025-09-02T18:21:19.482Z - info: [ui] [AppStore] found account: ramackersjp (J.P. Ramackers)
2025-09-02T18:21:19.506Z - info: [ui] [BranchPruner] Last prune took place 3 hours ago - skipping
2025-09-02T18:21:19.729Z - info: [ui] launching: 3.4.13-linux1 (Linux 6.16.4-arch1-1)
2025-09-02T18:21:19.730Z - info: [ui] execPath: '/opt/github-desktop/github-desktop'
2025-09-02T18:21:19.949Z - info: [ui] Subscribed 'ramackersjp' to Alive channel
2025-09-02T18:36:20.262Z - info: [ui] [AppStore] loading 2 repositories from store
2025-09-02T18:36:20.266Z - info: [ui] [AppStore] found account: ramackersjp (J.P. Ramackers)
2025-09-02T18:36:20.295Z - info: [ui] [BranchPruner] Last prune took place 3 hours ago - skipping
2025-09-02T18:36:20.527Z - info: [ui] launching: 3.4.13-linux1 (Linux 6.16.4-arch1-1)
2025-09-02T18:36:20.528Z - info: [ui] execPath: '/opt/github-desktop/github-desktop'
2025-09-02T18:36:21.617Z - info: [ui] Subscribed 'ramackersjp' to Alive channel
2025-09-02T18:36:36.731Z - info: [ui] Executing clone: git -c init.defaultBranch=main clone --recursive --progress -- https://github.com/ramackersjp/dotfiles.git /home/jp/Projects/dotfiles (took 1.661s)
2025-09-02T18:36:36.738Z - info: [ui] [AppStore] adding repository at /home/jp/Projects/dotfiles to store
2025-09-02T18:36:36.795Z - info: [ui] [BranchPruner] Last prune took place 3 hours ago - skipping
2025-09-02T18:36:37.020Z - info: [ui] credential-helper: found GitHub credential for https://github.com/ in store
2025-09-02T18:36:37.632Z - info: [ui] credential-helper: found GitHub credential for https://github.com/ in store
2025-09-02T18:38:16.268Z - info: [ui] [Timing] Action 'create commit' for 'ramackersjp/dotfiles' took 0.180s
2025-09-02T18:38:17.571Z - info: [ui] credential-helper: found GitHub credential for https://github.com/ in store
