2025-09-02 20:27:05.969 [info] [main] Log level: Info
2025-09-02 20:27:05.969 [info] [main] Validating found git in: "git"
2025-09-02 20:27:05.969 [info] [main] Using git "2.51.0" from "git"
2025-09-02 20:27:05.969 [info] [Model][doInitialScan] Initial repository scan started
2025-09-02 20:27:05.969 [info] > git rev-parse --show-toplevel [9ms]
2025-09-02 20:27:05.969 [info] fatal: not a git repository (or any of the parent directories): .git
2025-09-02 20:27:05.969 [info] > git rev-parse --show-toplevel [2ms]
2025-09-02 20:27:05.969 [info] fatal: not a git repository (or any of the parent directories): .git
2025-09-02 20:27:05.969 [info] [Model][doInitialScan] Initial repository scan completed - repositories (0), closed repositories (0), parent repositories (0), unsafe repositories (0)
2025-09-02 20:27:05.969 [info] > git rev-parse --show-toplevel [1ms]
2025-09-02 20:27:05.969 [info] fatal: not a git repository (or any of the parent directories): .git
2025-09-02 20:27:05.969 [info] > git rev-parse --show-toplevel [8ms]
2025-09-02 20:27:05.969 [info] fatal: not a git repository (or any of the parent directories): .git
2025-09-02 20:27:06.015 [info] > git rev-parse --show-toplevel [1ms]
2025-09-02 20:27:06.015 [info] fatal: not a git repository (or any of the parent directories): .git
2025-09-02 20:27:07.846 [info] > git rev-parse --show-toplevel [0ms]
2025-09-02 20:27:07.846 [info] fatal: not a git repository (or any of the parent directories): .git
2025-09-02 20:27:33.905 [info] > git rev-parse --show-toplevel [1ms]
2025-09-02 20:27:33.905 [info] fatal: not a git repository (or any of the parent directories): .git
2025-09-02 20:29:48.959 [info] > git rev-parse --show-toplevel [1ms]
2025-09-02 20:29:48.959 [info] fatal: not a git repository (or any of the parent directories): .git
